Jun 30 03:21:59 general	info	Hello and welcome to Prosody version unknown
Jun 30 03:21:59 modulemanager	error	Error initializing module 'compression' on 'localhost': /usr/bin/prosody:118: module 'zlib' not found:
	no field package.preload['zlib']
	no file '/usr/lib/prosody/zlib.lua'
	no file './zlib.lua'
	no file '/usr/share/lua/5.1/zlib.lua'
	no file '/usr/share/lua/5.1/zlib/init.lua'
	no file '/usr/lib/lua/5.1/zlib.lua'
	no file '/usr/lib/lua/5.1/zlib/init.lua'
	no file '/usr/lib/prosody/fallbacks/zlib.lua'
	no file '/usr/lib/prosody/zlib.so'
	no file './zlib.so'
	no file '/usr/lib/lua/5.1/zlib.so'
	no file '/usr/lib/lua/5.1/loadall.so'
	no file '/usr/lib/prosody/fallbacks/zlib.so'
stack traceback:
	/usr/lib/prosody/core/modulemanager.lua:37: in function </usr/lib/prosody/core/modulemanager.lua:37>
	[C]: in function '_real_require'
	/usr/bin/prosody:118: in function 'require'
	mod_compression.lua:9: in function 'f'
	/usr/lib/prosody/core/modulemanager.lua:37: in function </usr/lib/prosody/core/modulemanager.lua:37>
	[C]: in function 'xpcall'
	/usr/lib/prosody/core/modulemanager.lua:37: in function 'pcall'
	/usr/lib/prosody/core/modulemanager.lua:150: in function 'load'
	/usr/lib/prosody/core/modulemanager.lua:91: in function 'handler'
	/usr/lib/prosody/core/eventmanager.lua:28: in function 'fire_event'
	/usr/lib/prosody/core/hostmanager.lua:72: in function 'activate'
	/usr/lib/prosody/core/hostmanager.lua:40: in function 'handler'
	/usr/lib/prosody/core/eventmanager.lua:28: in function 'fire_event'
	/usr/bin/prosody:340: in function 'prepare_to_start'
	/usr/bin/prosody:456: in main chunk
	[C]: ?
Jun 30 03:21:59 socket	warn	server.lua, port 5222: address already in use
Jun 30 03:21:59 general	error	Failed to open server port 5222, check that Prosody or another XMPP server is not already running and using this port
Jun 30 03:21:59 socket	warn	server.lua, port 5269: address already in use
Jun 30 03:21:59 general	error	Failed to open server port 5269, check that Prosody or another XMPP server is not already running and using this port
Jun 30 03:21:59 socket	warn	server.lua, port 5347: address already in use
Jun 30 03:21:59 general	error	Failed to open server port 5347, this port is in use by another application
Jun 30 03:22:01 general	info	Shutting down...
Jun 30 03:22:01 general	info	Shutdown status: Cleaning up
Jun 30 03:22:01 general	info	Shutdown status: Closing all active sessions
Jun 30 03:22:01 general	info	Shutdown status: Closing all server connections
Jun 30 03:22:01 general	info	Shutdown complete
